<?xml version="1.0" encoding="UTF-8"?>
<!-- Generated by org.testng.reporters.JUnitReportReporter -->
<testsuite hostname="MSI" failures="0" tests="1" name="com.luma.SignInProgram" time="15.023" errors="0" timestamp="2023-07-14T11:59:30 IST" skipped="0">
  <testcase classname="com.luma.SignInProgram" name="signin" time="15.023"/>
  <system-out/>
</testsuite> <!-- com.luma.SignInProgram -->
