<?xml version="1.0" encoding="UTF-8"?>
<!-- Generated by org.testng.reporters.JUnitReportReporter -->
<testsuite hostname="MSI" failures="0" tests="1" name="com.luma.ShoppingCart" time="42.454" errors="0" timestamp="2023-07-14T11:59:30 IST" skipped="0">
  <testcase classname="com.luma.ShoppingCart" name="ShoppingCart" time="42.454"/>
  <system-out/>
</testsuite> <!-- com.luma.ShoppingCart -->
