<?xml version="1.0" encoding="UTF-8"?>
<!-- Generated by org.testng.reporters.JUnitReportReporter -->
<testsuite hostname="MSI" failures="0" tests="1" name="ExtentReport" time="7.002" errors="0" timestamp="2023-06-29T11:02:08 IST" skipped="0">
  <testcase classname="ExtentReport" name="initialDemo" time="7.002"/>
  <system-out/>
</testsuite> <!-- ExtentReport -->
