<?xml version="1.0" encoding="UTF-8"?>
<!-- Generated by org.testng.reporters.JUnitReportReporter -->
<testsuite hostname="MSI" failures="0" tests="1" name="com.luma.NewAccountCreat" time="11.811" errors="0" timestamp="2023-06-29T00:57:13 IST" skipped="0">
  <testcase classname="com.luma.NewAccountCreat" name="account" time="11.811"/>
  <system-out/>
</testsuite> <!-- com.luma.NewAccountCreat -->
