<?xml version="1.0" encoding="UTF-8"?>
<!-- Generated by org.testng.reporters.JUnitReportReporter -->
<testsuite hostname="MSI" failures="0" tests="1" name="com.luma.ShoppingScript" time="17.201" errors="0" timestamp="2023-07-11T14:35:48 IST" skipped="0">
  <testcase classname="com.luma.ShoppingScript" name="sp1" time="17.201"/>
  <system-out/>
</testsuite> <!-- com.luma.ShoppingScript -->
