<?xml version="1.0" encoding="UTF-8"?>
<!-- Generated by org.testng.reporters.JUnitReportReporter -->
<testsuite hostname="MSI" failures="0" tests="1" name="ExtentReport" time="4.815" errors="0" timestamp="2023-07-13T17:40:01 IST" skipped="0">
  <testcase classname="ExtentReport" name="initialDemo" time="4.815"/>
  <system-out/>
</testsuite> <!-- ExtentReport -->
